  sfm.cpp
C:\Users\leesh\Desktop\srp\srp\srp\sfm.h(349,38): warning C4244: “参数”: 从“double”转换到“int”，可能丢失数据
C:\Users\leesh\Desktop\srp\srp\srp\sfm.h(349,23): warning C4244: “参数”: 从“double”转换到“int”，可能丢失数据
C:\Users\leesh\Desktop\srp\srp\srp\sfm.h(349,67): warning C4244: “参数”: 从“double”转换到“const unsigned __int64”，可能丢失数据
C:\Users\leesh\Desktop\srp\srp\srp\sfm.h(349,82): warning C4244: “参数”: 从“double”转换到“const unsigned __int64”，可能丢失数据
C:\Users\leesh\Desktop\srp\srp\srp\sfm.h(357,38): warning C4244: “参数”: 从“double”转换到“int”，可能丢失数据
C:\Users\leesh\Desktop\srp\srp\srp\sfm.h(357,23): warning C4244: “参数”: 从“double”转换到“int”，可能丢失数据
C:\Users\leesh\Desktop\srp\srp\srp\sfm.h(357,67): warning C4244: “参数”: 从“double”转换到“const unsigned __int64”，可能丢失数据
C:\Users\leesh\Desktop\srp\srp\srp\sfm.h(357,82): warning C4244: “参数”: 从“double”转换到“const unsigned __int64”，可能丢失数据
C:\Users\leesh\Desktop\srp\srp\srp\sfm.h(367,38): warning C4244: “参数”: 从“double”转换到“int”，可能丢失数据
C:\Users\leesh\Desktop\srp\srp\srp\sfm.h(367,23): warning C4244: “参数”: 从“double”转换到“int”，可能丢失数据
C:\Users\leesh\Desktop\srp\srp\srp\sfm.h(369,41): warning C4244: “参数”: 从“double”转换到“const unsigned __int64”，可能丢失数据
C:\Users\leesh\Desktop\srp\srp\srp\sfm.h(369,56): warning C4244: “参数”: 从“double”转换到“const unsigned __int64”，可能丢失数据
C:\Users\leesh\Desktop\srp\srp\srp\sfm.h(372,49): warning C4244: “参数”: 从“double”转换到“const unsigned __int64”，可能丢失数据
C:\Users\leesh\Desktop\srp\srp\srp\sfm.h(372,64): warning C4244: “参数”: 从“double”转换到“const unsigned __int64”，可能丢失数据
C:\Users\leesh\Desktop\srp\srp\srp\sfm.h(374,31): warning C4244: “参数”: 从“double”转换到“const unsigned __int64”，可能丢失数据
C:\Users\leesh\Desktop\srp\srp\srp\sfm.h(374,46): warning C4244: “参数”: 从“double”转换到“const unsigned __int64”，可能丢失数据
C:\Users\leesh\Desktop\srp\srp\srp\sfm.h(376,28): warning C4244: “参数”: 从“double”转换到“const unsigned __int64”，可能丢失数据
C:\Users\leesh\Desktop\srp\srp\srp\sfm.h(376,43): warning C4244: “参数”: 从“double”转换到“const unsigned __int64”，可能丢失数据
C:\Users\leesh\Desktop\srp\srp\srp\sfm.h(376,62): warning C4244: “=”: 从“double”转换到“int”，可能丢失数据
C:\Users\leesh\Desktop\srp\srp\srp\sfm.h(377,28): warning C4244: “参数”: 从“double”转换到“const unsigned __int64”，可能丢失数据
C:\Users\leesh\Desktop\srp\srp\srp\sfm.h(377,43): warning C4244: “参数”: 从“double”转换到“const unsigned __int64”，可能丢失数据
C:\Users\leesh\Desktop\srp\srp\srp\sfm.h(377,62): warning C4244: “=”: 从“double”转换到“int”，可能丢失数据
C:\Users\leesh\Desktop\srp\srp\srp\sfm.h(378,28): warning C4244: “参数”: 从“double”转换到“const unsigned __int64”，可能丢失数据
C:\Users\leesh\Desktop\srp\srp\srp\sfm.h(378,43): warning C4244: “参数”: 从“double”转换到“const unsigned __int64”，可能丢失数据
C:\Users\leesh\Desktop\srp\srp\srp\sfm.h(378,152): warning C4244: “=”: 从“double”转换到“int”，可能丢失数据
C:\Users\leesh\Desktop\srp\srp\srp\sfm.h(379,28): warning C4244: “参数”: 从“double”转换到“const unsigned __int64”，可能丢失数据
C:\Users\leesh\Desktop\srp\srp\srp\sfm.h(379,43): warning C4244: “参数”: 从“double”转换到“const unsigned __int64”，可能丢失数据
C:\Users\leesh\Desktop\srp\srp\srp\sfm.h(379,115): warning C4244: “参数”: 从“double”转换到“const unsigned __int64”，可能丢失数据
C:\Users\leesh\Desktop\srp\srp\srp\sfm.h(379,130): warning C4244: “参数”: 从“double”转换到“const unsigned __int64”，可能丢失数据
C:\Users\leesh\Desktop\srp\srp\srp\sfm.h(379,62): warning C4244: “=”: 从“double”转换到“int”，可能丢失数据
C:\Users\leesh\Desktop\srp\srp\srp\sfm.h(380,28): warning C4244: “参数”: 从“double”转换到“const unsigned __int64”，可能丢失数据
C:\Users\leesh\Desktop\srp\srp\srp\sfm.h(380,43): warning C4244: “参数”: 从“double”转换到“const unsigned __int64”，可能丢失数据
C:\Users\leesh\Desktop\srp\srp\srp\sfm.h(381,28): warning C4244: “参数”: 从“double”转换到“const unsigned __int64”，可能丢失数据
C:\Users\leesh\Desktop\srp\srp\srp\sfm.h(381,43): warning C4244: “参数”: 从“double”转换到“const unsigned __int64”，可能丢失数据
C:\Users\leesh\Desktop\srp\srp\srp\sfm.h(385,56): warning C4244: “参数”: 从“double”转换到“const unsigned __int64”，可能丢失数据
C:\Users\leesh\Desktop\srp\srp\srp\sfm.h(385,71): warning C4244: “参数”: 从“double”转换到“const unsigned __int64”，可能丢失数据
C:\Users\leesh\Desktop\srp\srp\srp\sfm.h(387,29): warning C4244: “参数”: 从“double”转换到“const unsigned __int64”，可能丢失数据
C:\Users\leesh\Desktop\srp\srp\srp\sfm.h(387,44): warning C4244: “参数”: 从“double”转换到“const unsigned __int64”，可能丢失数据
C:\Users\leesh\Desktop\srp\srp\srp\sfm.h(387,118): warning C4244: “参数”: 从“double”转换到“const unsigned __int64”，可能丢失数据
C:\Users\leesh\Desktop\srp\srp\srp\sfm.h(387,133): warning C4244: “参数”: 从“double”转换到“const unsigned __int64”，可能丢失数据
C:\Users\leesh\Desktop\srp\srp\srp\sfm.h(387,63): warning C4244: “=”: 从“double”转换到“int”，可能丢失数据
C:\Users\leesh\Desktop\srp\srp\srp\sfm.h(388,29): warning C4244: “参数”: 从“double”转换到“const unsigned __int64”，可能丢失数据
C:\Users\leesh\Desktop\srp\srp\srp\sfm.h(388,44): warning C4244: “参数”: 从“double”转换到“const unsigned __int64”，可能丢失数据
C:\Users\leesh\Desktop\srp\srp\srp\sfm.h(391,48): warning C4244: “参数”: 从“double”转换到“const unsigned __int64”，可能丢失数据
C:\Users\leesh\Desktop\srp\srp\srp\sfm.h(391,63): warning C4244: “参数”: 从“double”转换到“const unsigned __int64”，可能丢失数据
C:\Users\leesh\Desktop\srp\srp\srp\sfm.h(402,39): warning C4244: “参数”: 从“double”转换到“int”，可能丢失数据
C:\Users\leesh\Desktop\srp\srp\srp\sfm.h(402,24): warning C4244: “参数”: 从“double”转换到“int”，可能丢失数据
C:\Users\leesh\Desktop\srp\srp\srp\sfm.h(404,42): warning C4244: “参数”: 从“double”转换到“const unsigned __int64”，可能丢失数据
C:\Users\leesh\Desktop\srp\srp\srp\sfm.h(404,57): warning C4244: “参数”: 从“double”转换到“const unsigned __int64”，可能丢失数据
C:\Users\leesh\Desktop\srp\srp\srp\sfm.h(406,50): warning C4244: “参数”: 从“double”转换到“const unsigned __int64”，可能丢失数据
C:\Users\leesh\Desktop\srp\srp\srp\sfm.h(406,65): warning C4244: “参数”: 从“double”转换到“const unsigned __int64”，可能丢失数据
C:\Users\leesh\Desktop\srp\srp\srp\sfm.h(408,32): warning C4244: “参数”: 从“double”转换到“const unsigned __int64”，可能丢失数据
C:\Users\leesh\Desktop\srp\srp\srp\sfm.h(408,47): warning C4244: “参数”: 从“double”转换到“const unsigned __int64”，可能丢失数据
C:\Users\leesh\Desktop\srp\srp\srp\sfm.h(410,29): warning C4244: “参数”: 从“double”转换到“const unsigned __int64”，可能丢失数据
C:\Users\leesh\Desktop\srp\srp\srp\sfm.h(410,44): warning C4244: “参数”: 从“double”转换到“const unsigned __int64”，可能丢失数据
C:\Users\leesh\Desktop\srp\srp\srp\sfm.h(410,63): warning C4244: “=”: 从“double”转换到“int”，可能丢失数据
C:\Users\leesh\Desktop\srp\srp\srp\sfm.h(411,29): warning C4244: “参数”: 从“double”转换到“const unsigned __int64”，可能丢失数据
C:\Users\leesh\Desktop\srp\srp\srp\sfm.h(411,44): warning C4244: “参数”: 从“double”转换到“const unsigned __int64”，可能丢失数据
C:\Users\leesh\Desktop\srp\srp\srp\sfm.h(411,63): warning C4244: “=”: 从“double”转换到“int”，可能丢失数据
C:\Users\leesh\Desktop\srp\srp\srp\sfm.h(412,29): warning C4244: “参数”: 从“double”转换到“const unsigned __int64”，可能丢失数据
C:\Users\leesh\Desktop\srp\srp\srp\sfm.h(412,44): warning C4244: “参数”: 从“double”转换到“const unsigned __int64”，可能丢失数据
C:\Users\leesh\Desktop\srp\srp\srp\sfm.h(412,153): warning C4244: “=”: 从“double”转换到“int”，可能丢失数据
C:\Users\leesh\Desktop\srp\srp\srp\sfm.h(413,29): warning C4244: “参数”: 从“double”转换到“const unsigned __int64”，可能丢失数据
C:\Users\leesh\Desktop\srp\srp\srp\sfm.h(413,44): warning C4244: “参数”: 从“double”转换到“const unsigned __int64”，可能丢失数据
C:\Users\leesh\Desktop\srp\srp\srp\sfm.h(413,118): warning C4244: “参数”: 从“double”转换到“const unsigned __int64”，可能丢失数据
C:\Users\leesh\Desktop\srp\srp\srp\sfm.h(413,133): warning C4244: “参数”: 从“double”转换到“const unsigned __int64”，可能丢失数据
C:\Users\leesh\Desktop\srp\srp\srp\sfm.h(413,63): warning C4244: “=”: 从“double”转换到“int”，可能丢失数据
C:\Users\leesh\Desktop\srp\srp\srp\sfm.h(414,29): warning C4244: “参数”: 从“double”转换到“const unsigned __int64”，可能丢失数据
C:\Users\leesh\Desktop\srp\srp\srp\sfm.h(414,44): warning C4244: “参数”: 从“double”转换到“const unsigned __int64”，可能丢失数据
C:\Users\leesh\Desktop\srp\srp\srp\sfm.h(415,29): warning C4244: “参数”: 从“double”转换到“const unsigned __int64”，可能丢失数据
C:\Users\leesh\Desktop\srp\srp\srp\sfm.h(415,44): warning C4244: “参数”: 从“double”转换到“const unsigned __int64”，可能丢失数据
C:\Users\leesh\Desktop\srp\srp\srp\sfm.h(419,57): warning C4244: “参数”: 从“double”转换到“const unsigned __int64”，可能丢失数据
C:\Users\leesh\Desktop\srp\srp\srp\sfm.h(419,72): warning C4244: “参数”: 从“double”转换到“const unsigned __int64”，可能丢失数据
C:\Users\leesh\Desktop\srp\srp\srp\sfm.h(421,30): warning C4244: “参数”: 从“double”转换到“const unsigned __int64”，可能丢失数据
C:\Users\leesh\Desktop\srp\srp\srp\sfm.h(421,45): warning C4244: “参数”: 从“double”转换到“const unsigned __int64”，可能丢失数据
C:\Users\leesh\Desktop\srp\srp\srp\sfm.h(421,119): warning C4244: “参数”: 从“double”转换到“const unsigned __int64”，可能丢失数据
C:\Users\leesh\Desktop\srp\srp\srp\sfm.h(421,134): warning C4244: “参数”: 从“double”转换到“const unsigned __int64”，可能丢失数据
C:\Users\leesh\Desktop\srp\srp\srp\sfm.h(421,64): warning C4244: “=”: 从“double”转换到“int”，可能丢失数据
C:\Users\leesh\Desktop\srp\srp\srp\sfm.h(422,30): warning C4244: “参数”: 从“double”转换到“const unsigned __int64”，可能丢失数据
C:\Users\leesh\Desktop\srp\srp\srp\sfm.h(422,45): warning C4244: “参数”: 从“double”转换到“const unsigned __int64”，可能丢失数据
C:\Users\leesh\Desktop\srp\srp\srp\sfm.h(425,49): warning C4244: “参数”: 从“double”转换到“const unsigned __int64”，可能丢失数据
C:\Users\leesh\Desktop\srp\srp\srp\sfm.h(425,64): warning C4244: “参数”: 从“double”转换到“const unsigned __int64”，可能丢失数据
C:\Users\leesh\Desktop\srp\srp\srp\sfm.cpp(148,18): warning C4244: “=”: 从“_Ty”转换到“int”，可能丢失数据
          with
          [
              _Ty=double
          ]
  srp.vcxproj -> C:\Users\leesh\Desktop\srp\srp\x64\Debug\srp.exe
